<?xml version="1.0" encoding="UTF-8"?>
<!-- Generated by org.testng.reporters.JUnitReportReporter -->
<testsuite hostname="HHS-LAP-287" failures="0" tests="3" name="automationpractice.CrossBrowser" time="21.274" errors="0" timestamp="2022-10-27T13:08:01 IST" skipped="0">
  <testcase classname="automationpractice.CrossBrowser" name="ParallelLogin" time="7.116"/>
  <system-out/>
  <testcase classname="automationpractice.CrossBrowser" name="ParallelLogin" time="7.042"/>
  <system-out/>
  <testcase classname="automationpractice.CrossBrowser" name="ParallelLogin" time="7.116"/>
  <system-out/>
</testsuite> <!-- automationpractice.CrossBrowser -->
