<?xml version="1.0" encoding="UTF-8"?>
<!-- Generated by org.testng.reporters.JUnitReportReporter -->
<testsuite hostname="HHS-LAP-287" failures="0" tests="1" name="automationpractice.Grid" time="17.145" errors="0" timestamp="2022-10-29T11:13:30 IST" skipped="0">
  <testcase classname="automationpractice.Grid" name="ohrmLogin" time="17.145"/>
  <system-out/>
</testsuite> <!-- automationpractice.Grid -->
